<?xml version="1.0" encoding="UTF-8"?>
<!-- Generated by org.testng.reporters.JUnitXMLReporter -->
<testsuite hostname="DESKTOP-NPHLR4K" ignored="0" name="Test" tests="5" failures="0" timestamp="04 Nov 2018 03:10:14 GMT" time="58.004" errors="0">
  <testcase name="LoginTest" time="3.48" classname="com.stls.test.LoginTest"/>
  <testcase name="VerifyUserPageTest" time="11.244" classname="com.stls.test.VerifyUserPageTest"/>
  <testcase name="InvalidLogin" time="3.276" classname="com.stls.test.InvalidLogin"/>
  <testcase name="VerifyVersionTest" time="9.853" classname="com.stls.test.VerifyVersionTest"/>
  <testcase name="HomePageTest" time="5.481" classname="com.stls.test.HomePageTest"/>
</testsuite> <!-- Test -->
