<?xml version="1.0" encoding="UTF-8"?>
<!-- Generated by org.testng.reporters.JUnitXMLReporter -->
<testsuite hostname="DESKTOP-NPHLR4K" ignored="8" name="TestChrome" tests="5" failures="0" timestamp="16 Nov 2018 05:20:56 GMT" time="71.446" errors="0">
  <testcase name="LoginTest" time="4.843" classname="com.stls.test.LoginTest"/>
  <testcase name="VerifyUserPageTest" time="12.026" classname="com.stls.test.VerifyUserPageTest"/>
  <testcase name="InvalidLogin" time="14.208" classname="com.stls.test.InvalidLogin"/>
  <testcase name="VerifyVersionTest" time="10.486" classname="com.stls.test.VerifyVersionTest"/>
  <testcase name="HomePageTest" time="5.953" classname="com.stls.test.HomePageTest"/>
  <testcase name="@AfterSuite publishReport" time="0.0" classname="generic.BaseTest">
    <ignored/>
  </testcase> <!-- @AfterSuite publishReport -->
  <testcase name="@AfterSuite publishReport" time="0.0" classname="generic.BaseTest">
    <ignored/>
  </testcase> <!-- @AfterSuite publishReport -->
  <testcase name="@AfterSuite publishReport" time="0.0" classname="generic.BaseTest">
    <ignored/>
  </testcase> <!-- @AfterSuite publishReport -->
  <testcase name="@AfterSuite publishReport" time="0.0" classname="generic.BaseTest">
    <ignored/>
  </testcase> <!-- @AfterSuite publishReport -->
  <testcase name="@BeforeSuite startReport" time="0.0" classname="generic.BaseTest">
    <ignored/>
  </testcase> <!-- @BeforeSuite startReport -->
  <testcase name="@BeforeSuite startReport" time="0.0" classname="generic.BaseTest">
    <ignored/>
  </testcase> <!-- @BeforeSuite startReport -->
  <testcase name="@BeforeSuite startReport" time="0.0" classname="generic.BaseTest">
    <ignored/>
  </testcase> <!-- @BeforeSuite startReport -->
  <testcase name="@BeforeSuite startReport" time="0.0" classname="generic.BaseTest">
    <ignored/>
  </testcase> <!-- @BeforeSuite startReport -->
</testsuite> <!-- TestChrome -->
